============================= test session starts ==============================
platform darwin -- Python 3.13.11, pytest-9.0.2, pluggy-1.6.0 -- /Users/henrik/Dev/schnappster/backend/.venv/bin/python3
cachedir: .pytest_cache
rootdir: /Users/henrik/Dev/schnappster/backend
configfile: pytest.ini (WARNING: ignoring pytest config in pyproject.toml!)
plugins: anyio-4.12.1
collecting ... collected 70 items

tests/test_ai_service.py::test_parse_response_valid_json PASSED          [  1%]
tests/test_ai_service.py::test_parse_response_with_markdown_fences PASSED [  2%]
tests/test_ai_service.py::test_parse_response_score_out_of_range PASSED  [  4%]
tests/test_ai_service.py::test_parse_response_empty PASSED               [  5%]
tests/test_ai_service.py::test_parse_response_invalid_json PASSED        [  7%]
tests/test_ai_service.py::test_detect_jpeg PASSED                        [  8%]
tests/test_ai_service.py::test_detect_png PASSED                         [ 10%]
tests/test_ai_service.py::test_detect_webp PASSED                        [ 11%]
tests/test_ai_service.py::test_detect_gif PASSED                         [ 12%]
tests/test_ai_service.py::test_detect_unknown PASSED                     [ 14%]
tests/test_ai_service.py::test_build_price_context PASSED                [ 15%]
tests/test_ai_service.py::test_build_price_context_no_other_ads PASSED   [ 17%]
tests/test_ai_service.py::test_build_ad_text PASSED                      [ 18%]
tests/test_ai_service.py::test_build_ad_text_with_seller_rating_labels PASSED [ 20%]
tests/test_ai_service.py::test_ai_service_raises_without_api_key PASSED  [ 21%]
tests/test_api.py::test_list_adsearches_empty FAILED                     [ 22%]
tests/test_api.py::test_list_adsearches_empty ERROR                      [ 22%]
tests/test_api.py::test_create_adsearch FAILED                           [ 24%]
tests/test_api.py::test_get_adsearch PASSED                              [ 25%]
tests/test_api.py::test_get_adsearch_not_found FAILED                    [ 27%]
tests/test_api.py::test_get_adsearch_not_found ERROR                     [ 27%]
tests/test_api.py::test_patch_adsearch FAILED                            [ 28%]
tests/test_api.py::test_delete_adsearch FAILED                           [ 30%]
tests/test_api.py::test_list_ads_empty FAILED                            [ 31%]
tests/test_api.py::test_list_ads_empty ERROR                             [ 31%]
tests/test_api.py::test_list_ads FAILED                                  [ 32%]
tests/test_api.py::test_list_ads_filter_by_adsearch                     ERROR    Exception during reset or similar                    
                             Traceback (most recent call last):                   
                               File                                               
                             "/Users/henrik/Dev/schnappster/backend/.venv/lib/pyth
                             on3.13/site-packages/sqlalchemy/pool/base.py", line  
                             986, in _finalize_fairy                              
                                 fairy._reset(                                    
                                 ~~~~~~~~~~~~^                                    
                                     pool,                                        
                                     ^^^^^                                        
                                 ...<2 lines>...                                  
                                     asyncio_safe=can_manipulate_connection,      
                                     ^^^^^^^^^^^^^^^^^^^^^^^^^^^^^^^^^^^^^^^      
                                 )                                                
                                 ^                                                
                               File                                               
                             "/Users/henrik/Dev/schnappster/backend/.venv/lib/pyth
                             on3.13/site-packages/sqlalchemy/pool/base.py", line  
                             1441, in _reset                                      
                                 pool._dialect.do_rollback(self)                  
                                 ~~~~~~~~~~~~~~~~~~~~~~~~~^^^^^^                  
                               File                                               
                             "/Users/henrik/Dev/schnappster/backend/.venv/lib/pyth
                             on3.13/site-packages/sqlalchemy/engine/default.py",  
                             line 712, in do_rollback                             
                                 dbapi_connection.rollback()                      
                                 ~~~~~~~~~~~~~~~~~~~~~~~~~^^                      
                             sqlite3.ProgrammingError: SQLite objects created in a
                             thread can only be used in that same thread. The     
                             object was created in thread id 6161870848 and this  
                             is thread id 8490446976.                             
                    ERROR    Exception terminating connection <sqlite3.Connection 
                             object at 0x10a470c70>                               
                             Traceback (most recent call last):                   
                               File                                               
                             "/Users/henrik/Dev/schnappster/backend/.venv/lib/pyth
                             on3.13/site-packages/sqlalchemy/pool/base.py", line  
                             986, in _finalize_fairy                              
                                 fairy._reset(                                    
                                 ~~~~~~~~~~~~^                                    
                                     pool,                                        
                                     ^^^^^                                        
                                 ...<2 lines>...                                  
                                     asyncio_safe=can_manipulate_connection,      
                                     ^^^^^^^^^^^^^^^^^^^^^^^^^^^^^^^^^^^^^^^      
                                 )                                                
                                 ^                                                
                               File                                               
                             "/Users/henrik/Dev/schnappster/backend/.venv/lib/pyth
                             on3.13/site-packages/sqlalchemy/pool/base.py", line  
                             1441, in _reset                                      
                                 pool._dialect.do_rollback(self)                  
                                 ~~~~~~~~~~~~~~~~~~~~~~~~~^^^^^^                  
                               File                                               
                             "/Users/henrik/Dev/schnappster/backend/.venv/lib/pyth
                             on3.13/site-packages/sqlalchemy/engine/default.py",  
                             line 712, in do_rollback                             
                                 dbapi_connection.rollback()                      
                                 ~~~~~~~~~~~~~~~~~~~~~~~~~^^                      
                             sqlite3.ProgrammingError: SQLite objects created in a
                             thread can only be used in that same thread. The     
                             object was created in thread id 6161870848 and this  
                             is thread id 8490446976.                             
                                                                                  
                             During handling of the above exception, another      
                             exception occurred:                                  
                                                                                  
                             Traceback (most recent call last):                   
                               File                                               
                             "/Users/henrik/Dev/schnappster/backend/.venv/lib/pyth
                             on3.13/site-packages/sqlalchemy/pool/base.py", line  
                             373, in _close_connection                            
                                 self._dialect.do_terminate(connection)           
                                 ~~~~~~~~~~~~~~~~~~~~~~~~~~^^^^^^^^^^^^           
                               File                                               
                             "/Users/henrik/Dev/schnappster/backend/.venv/lib/pyth
                             on3.13/site-packages/sqlalchemy/engine/default.py",  
                             line 718, in do_terminate                            
                                 self.do_close(dbapi_connection)                  
                                 ~~~~~~~~~~~~~^^^^^^^^^^^^^^^^^^                  
                               File                                               
                             "/Users/henrik/Dev/schnappster/backend/.venv/lib/pyth
                             on3.13/site-packages/sqlalchemy/engine/default.py",  
                             line 721, in do_close                                
                                 dbapi_connection.close()                         
                                 ~~~~~~~~~~~~~~~~~~~~~~^^                         
                             sqlite3.ProgrammingError: SQLite objects created in a
                             thread can only be used in that same thread. The     
                             object was created in thread id 6161870848 and this  
                             is thread id 8490446976.                             
                    ERROR    Exception during reset or similar                    
                             Traceback (most recent call last):                   
                               File                                               
                             "/Users/henrik/Dev/schnappster/backend/.venv/lib/pyth
                             on3.13/site-packages/sqlalchemy/pool/base.py", line  
                             986, in _finalize_fairy                              
                                 fairy._reset(                                    
                                 ~~~~~~~~~~~~^                                    
                                     pool,                                        
                                     ^^^^^                                        
                                 ...<2 lines>...                                  
                                     asyncio_safe=can_manipulate_connection,      
                                     ^^^^^^^^^^^^^^^^^^^^^^^^^^^^^^^^^^^^^^^      
                                 )                                                
                                 ^                                                
                               File                                               
                             "/Users/henrik/Dev/schnappster/backend/.venv/lib/pyth
                             on3.13/site-packages/sqlalchemy/pool/base.py", line  
                             1441, in _reset                                      
                                 pool._dialect.do_rollback(self)                  
                                 ~~~~~~~~~~~~~~~~~~~~~~~~~^^^^^^                  
                               File                                               
                             "/Users/henrik/Dev/schnappster/backend/.venv/lib/pyth
                             on3.13/site-packages/sqlalchemy/engine/default.py",  
                             line 712, in do_rollback                             
                                 dbapi_connection.rollback()                      
                                 ~~~~~~~~~~~~~~~~~~~~~~~~~^^                      
                             sqlite3.ProgrammingError: SQLite objects created in a
                             thread can only be used in that same thread. The     
                             object was created in thread id 6178697216 and this  
                             is thread id 8490446976.                             
                    ERROR    Exception terminating connection <sqlite3.Connection 
                             object at 0x10acc5300>                               
                             Traceback (most recent call last):                   
                               File                                               
                             "/Users/henrik/Dev/schnappster/backend/.venv/lib/pyth
                             on3.13/site-packages/sqlalchemy/pool/base.py", line  
                             986, in _finalize_fairy                              
                                 fairy._reset(                                    
                                 ~~~~~~~~~~~~^                                    
                                     pool,                                        
                                     ^^^^^                                        
                                 ...<2 lines>...                                  
                                     asyncio_safe=can_manipulate_connection,      
                                     ^^^^^^^^^^^^^^^^^^^^^^^^^^^^^^^^^^^^^^^      
                                 )                                                
                                 ^                                                
                               File                                               
                             "/Users/henrik/Dev/schnappster/backend/.venv/lib/pyth
                             on3.13/site-packages/sqlalchemy/pool/base.py", line  
                             1441, in _reset                                      
                                 pool._dialect.do_rollback(self)                  
                                 ~~~~~~~~~~~~~~~~~~~~~~~~~^^^^^^                  
                               File                                               
                             "/Users/henrik/Dev/schnappster/backend/.venv/lib/pyth
                             on3.13/site-packages/sqlalchemy/engine/default.py",  
                             line 712, in do_rollback                             
                                 dbapi_connection.rollback()                      
                                 ~~~~~~~~~~~~~~~~~~~~~~~~~^^                      
                             sqlite3.ProgrammingError: SQLite objects created in a
                             thread can only be used in that same thread. The     
                             object was created in thread id 6178697216 and this  
                             is thread id 8490446976.                             
                                                                                  
                             During handling of the above exception, another      
                             exception occurred:                                  
                                                                                  
                             Traceback (most recent call last):                   
                               File                                               
                             "/Users/henrik/Dev/schnappster/backend/.venv/lib/pyth
                             on3.13/site-packages/sqlalchemy/pool/base.py", line  
                             373, in _close_connection                            
                                 self._dialect.do_terminate(connection)           
                                 ~~~~~~~~~~~~~~~~~~~~~~~~~~^^^^^^^^^^^^           
                               File                                               
                             "/Users/henrik/Dev/schnappster/backend/.venv/lib/pyth
                             on3.13/site-packages/sqlalchemy/engine/default.py",  
                             line 718, in do_terminate                            
                                 self.do_close(dbapi_connection)                  
                                 ~~~~~~~~~~~~~^^^^^^^^^^^^^^^^^^                  
                               File                                               
                             "/Users/henrik/Dev/schnappster/backend/.venv/lib/pyth
                             on3.13/site-packages/sqlalchemy/engine/default.py",  
                             line 721, in do_close                                
                                 dbapi_connection.close()                         
                                 ~~~~~~~~~~~~~~~~~~~~~~^^                         
                             sqlite3.ProgrammingError: SQLite objects created in a
                             thread can only be used in that same thread. The     
                             object was created in thread id 6178697216 and this  
                             is thread id 8490446976.                             
                    ERROR    Exception during reset or similar                    
                             Traceback (most recent call last):                   
                               File                                               
                             "/Users/henrik/Dev/schnappster/backend/.venv/lib/pyth
                             on3.13/site-packages/sqlalchemy/pool/base.py", line  
                             986, in _finalize_fairy                              
                                 fairy._reset(                                    
                                 ~~~~~~~~~~~~^                                    
                                     pool,                                        
                                     ^^^^^                                        
                                 ...<2 lines>...                                  
                                     asyncio_safe=can_manipulate_connection,      
                                     ^^^^^^^^^^^^^^^^^^^^^^^^^^^^^^^^^^^^^^^      
                                 )                                                
                                 ^                                                
                               File                                               
                             "/Users/henrik/Dev/schnappster/backend/.venv/lib/pyth
                             on3.13/site-packages/sqlalchemy/pool/base.py", line  
                             1441, in _reset                                      
                                 pool._dialect.do_rollback(self)                  
                                 ~~~~~~~~~~~~~~~~~~~~~~~~~^^^^^^                  
                               File                                               
                             "/Users/henrik/Dev/schnappster/backend/.venv/lib/pyth
                             on3.13/site-packages/sqlalchemy/engine/default.py",  
                             line 712, in do_rollback                             
                                 dbapi_connection.rollback()                      
                                 ~~~~~~~~~~~~~~~~~~~~~~~~~^^                      
                             sqlite3.ProgrammingError: SQLite objects created in a
                             thread can only be used in that same thread. The     
                             object was created in thread id 6229176320 and this  
                             is thread id 8490446976.                             
                    ERROR    Exception terminating connection <sqlite3.Connection 
                             object at 0x10a9add50>                               
                             Traceback (most recent call last):                   
                               File                                               
                             "/Users/henrik/Dev/schnappster/backend/.venv/lib/pyth
                             on3.13/site-packages/sqlalchemy/pool/base.py", line  
                             986, in _finalize_fairy                              
                                 fairy._reset(                                    
                                 ~~~~~~~~~~~~^                                    
                                     pool,                                        
                                     ^^^^^                                        
                                 ...<2 lines>...                                  
                                     asyncio_safe=can_manipulate_connection,      
                                     ^^^^^^^^^^^^^^^^^^^^^^^^^^^^^^^^^^^^^^^      
                                 )                                                
                                 ^                                                
                               File                                               
                             "/Users/henrik/Dev/schnappster/backend/.venv/lib/pyth
                             on3.13/site-packages/sqlalchemy/pool/base.py", line  
                             1441, in _reset                                      
                                 pool._dialect.do_rollback(self)                  
                                 ~~~~~~~~~~~~~~~~~~~~~~~~~^^^^^^                  
                               File                                               
                             "/Users/henrik/Dev/schnappster/backend/.venv/lib/pyth
                             on3.13/site-packages/sqlalchemy/engine/default.py",  
                             line 712, in do_rollback                             
                                 dbapi_connection.rollback()                      
                                 ~~~~~~~~~~~~~~~~~~~~~~~~~^^                      
                             sqlite3.ProgrammingError: SQLite objects created in a
                             thread can only be used in that same thread. The     
                             object was created in thread id 6229176320 and this  
                             is thread id 8490446976.                             
                                                                                  
                             During handling of the above exception, another      
                             exception occurred:                                  
                                                                                  
                             Traceback (most recent call last):                   
                               File                                               
                             "/Users/henrik/Dev/schnappster/backend/.venv/lib/pyth
                             on3.13/site-packages/sqlalchemy/pool/base.py", line  
                             373, in _close_connection                            
                                 self._dialect.do_terminate(connection)           
                                 ~~~~~~~~~~~~~~~~~~~~~~~~~~^^^^^^^^^^^^           
                               File                                               
                             "/Users/henrik/Dev/schnappster/backend/.venv/lib/pyth
                             on3.13/site-packages/sqlalchemy/engine/default.py",  
                             line 718, in do_terminate                            
                                 self.do_close(dbapi_connection)                  
                                 ~~~~~~~~~~~~~^^^^^^^^^^^^^^^^^^                  
                               File                                               
                             "/Users/henrik/Dev/schnappster/backend/.venv/lib/pyth
                             on3.13/site-packages/sqlalchemy/engine/default.py",  
                             line 721, in do_close                                
                                 dbapi_connection.close()                         
                                 ~~~~~~~~~~~~~~~~~~~~~~^^                         
                             sqlite3.ProgrammingError: SQLite objects created in a
                             thread can only be used in that same thread. The     
                             object was created in thread id 6229176320 and this  
                             is thread id 8490446976.                             
FAILED               [ 34%]
tests/test_api.py::test_list_ads_filter_by_analyzed FAILED               [ 35%]
tests/test_api.py::test_get_ad PASSED                                    [ 37%]
tests/test_api.py::test_get_ad_has_image_url PASSED                      [ 38%]
tests/test_api.py::test_get_ad_image_url_none_when_no_images PASSED      [ 40%]
tests/test_api.py::test_get_ad_not_found FAILED                          [ 41%]
tests/test_api.py::test_get_ad_not_found ERROR                           [ 41%]
tests/test_api.py::test_list_settings FAILED                             [ 42%]
tests/test_api.py::test_list_settings ERROR                              [ 42%]
tests/test_api.py::test_get_setting FAILED                               [ 44%]
tests/test_api.py::test_get_setting ERROR                                [ 44%]
tests/test_api.py::test_get_setting_unknown PASSED                       [ 45%]
tests/test_api.py::test_update_setting FAILED                            [ 47%]
tests/test_api.py::test_update_setting ERROR                             [ 47%]
tests/test_api.py::test_update_setting_invalid_value PASSED              [ 48%]
tests/test_api.py::test_update_setting_invalid_rating PASSED             [ 50%]
tests/test_filter.py::test_filter_passes_when_price_in_range PASSED      [ 51%]
tests/test_filter.py::test_filter_rejects_price_below_minimum PASSED     [ 52%]
tests/test_filter.py::test_filter_rejects_price_above_maximum PASSED     [ 54%]
tests/test_filter.py::test_filter_passes_when_no_price_limits PASSED     [ 55%]
tests/test_filter.py::test_filter_passes_when_price_is_none PASSED       [ 57%]
tests/test_filter.py::test_filter_rejects_blacklisted_title PASSED       [ 58%]
tests/test_filter.py::test_filter_rejects_blacklisted_description PASSED [ 60%]
tests/test_filter.py::test_filter_passes_when_no_blacklist_match PASSED  [ 61%]
tests/test_filter.py::test_filter_passes_when_no_blacklist PASSED        [ 62%]
tests/test_filter.py::test_filter_blacklist_case_insensitive PASSED      [ 64%]
tests/test_filter.py::test_filter_rejects_commercial_seller PASSED       [ 65%]
tests/test_filter.py::test_filter_passes_private_seller_when_excluding_commercial PASSED [ 67%]
tests/test_filter.py::test_filter_passes_commercial_when_not_excluding PASSED [ 68%]
tests/test_filter.py::test_filter_rejects_low_rating PASSED              [ 70%]
tests/test_filter.py::test_filter_passes_matching_rating PASSED          [ 71%]
tests/test_filter.py::test_filter_passes_higher_rating PASSED            [ 72%]
tests/test_filter.py::test_filter_passes_when_no_rating PASSED           [ 74%]
tests/test_filter.py::test_filter_rejects_on_first_matching_rule PASSED  [ 75%]
tests/test_parser.py::test_parse_ad_detail PASSED                        [ 77%]
tests/test_parser.py::test_parse_ad_detail_returns_none_for_empty_html PASSED [ 78%]
tests/test_parser.py::test_parse_ad_detail_returns_none_for_missing_title PASSED [ 80%]
tests/test_parser.py::test_parse_rating_top PASSED                       [ 81%]
tests/test_parser.py::test_parse_rating_ok PASSED                        [ 82%]
tests/test_parser.py::test_parse_rating_naja PASSED                      [ 84%]
tests/test_parser.py::test_parse_rating_none_when_missing PASSED         [ 85%]
tests/test_parser.py::test_parse_price_simple PASSED                     [ 87%]
tests/test_parser.py::test_parse_price_vb PASSED                         [ 88%]
tests/test_parser.py::test_parse_price_decimal PASSED                    [ 90%]
tests/test_parser.py::test_parse_price_german_decimal PASSED             [ 91%]
tests/test_parser.py::test_parse_price_only_vb PASSED                    [ 92%]
tests/test_parser.py::test_parse_price_empty PASSED                      [ 94%]
tests/test_parser.py::test_parse_price_zu_verschenken PASSED             [ 95%]
tests/test_parser.py::test_split_locality_with_postal_code PASSED        [ 97%]
tests/test_parser.py::test_split_locality_without_postal_code PASSED     [ 98%]
tests/test_parser.py::test_split_locality_empty PASSED                   [100%]

==================================== ERRORS ====================================
_______________ ERROR at teardown of test_list_adsearches_empty ________________

self = <sqlalchemy.engine.base.Connection object at 0x108e734d0>

    def _rollback_impl(self) -> None:
        if self._has_events or self.engine._has_events:
            self.dispatch.rollback(self)
    
        if self._still_open_and_dbapi_connection_is_valid:
            if self._echo:
                if self._is_autocommit_isolation():
                    if self.dialect.skip_autocommit_rollback:
                        self._log_info(
                            "ROLLBACK will be skipped by "
                            "skip_autocommit_rollback"
                        )
                    else:
                        self._log_info(
                            "ROLLBACK using DBAPI connection.rollback(); "
                            "set skip_autocommit_rollback to prevent fully"
                        )
                else:
                    self._log_info("ROLLBACK")
            try:
>               self.engine.dialect.do_rollback(self.connection)

.venv/lib/python3.13/site-packages/sqlalchemy/engine/base.py:1128: 
_ _ _ _ _ _ _ _ _ _ _ _ _ _ _ _ _ _ _ _ _ _ _ _ _ _ _ _ _ _ _ _ _ _ _ _ _ _ _ _ 

self = <sqlalchemy.dialects.sqlite.pysqlite.SQLiteDialect_pysqlite object at 0x109d03390>
dbapi_connection = <sqlalchemy.pool.base._ConnectionFairy object at 0x10a4c2750>

    def do_rollback(self, dbapi_connection):
        if self.skip_autocommit_rollback and self.detect_autocommit_setting(
            dbapi_connection
        ):
            return
>       dbapi_connection.rollback()
E       sqlite3.ProgrammingError: SQLite objects created in a thread can only be used in that same thread. The object was created in thread id 6161870848 and this is thread id 8490446976.

.venv/lib/python3.13/site-packages/sqlalchemy/engine/default.py:712: ProgrammingError

The above exception was the direct cause of the following exception:

engine = Engine(sqlite:///:memory:)

    @pytest.fixture
    def session(engine):
        """Create a database session for testing."""
>       with Session(engine) as session:
             ^^^^^^^^^^^^^^^

tests/conftest.py:23: 
_ _ _ _ _ _ _ _ _ _ _ _ _ _ _ _ _ _ _ _ _ _ _ _ _ _ _ _ _ _ _ _ _ _ _ _ _ _ _ _ 
.venv/lib/python3.13/site-packages/sqlalchemy/orm/session.py:1809: in __exit__
    self.close()
.venv/lib/python3.13/site-packages/sqlalchemy/orm/session.py:2507: in close
    self._close_impl(invalidate=False)
.venv/lib/python3.13/site-packages/sqlalchemy/orm/session.py:2576: in _close_impl
    transaction.close(invalidate)
.venv/lib/python3.13/site-packages/sqlalchemy/orm/state_changes.py:137: in _go
    ret_value = fn(self, *arg, **kw)
                ^^^^^^^^^^^^^^^^^^^^
.venv/lib/python3.13/site-packages/sqlalchemy/orm/session.py:1417: in close
    transaction.close()
.venv/lib/python3.13/site-packages/sqlalchemy/engine/base.py:2597: in close
    self._do_close()
.venv/lib/python3.13/site-packages/sqlalchemy/engine/base.py:2735: in _do_close
    self._close_impl()
.venv/lib/python3.13/site-packages/sqlalchemy/engine/base.py:2721: in _close_impl
    self._connection_rollback_impl()
.venv/lib/python3.13/site-packages/sqlalchemy/engine/base.py:2713: in _connection_rollback_impl
    self.connection._rollback_impl()
.venv/lib/python3.13/site-packages/sqlalchemy/engine/base.py:1130: in _rollback_impl
    self._handle_dbapi_exception(e, None, None, None, None)
.venv/lib/python3.13/site-packages/sqlalchemy/engine/base.py:2363: in _handle_dbapi_exception
    raise sqlalchemy_exception.with_traceback(exc_info[2]) from e
.venv/lib/python3.13/site-packages/sqlalchemy/engine/base.py:1128: in _rollback_impl
    self.engine.dialect.do_rollback(self.connection)
_ _ _ _ _ _ _ _ _ _ _ _ _ _ _ _ _ _ _ _ _ _ _ _ _ _ _ _ _ _ _ _ _ _ _ _ _ _ _ _ 

self = <sqlalchemy.dialects.sqlite.pysqlite.SQLiteDialect_pysqlite object at 0x109d03390>
dbapi_connection = <sqlalchemy.pool.base._ConnectionFairy object at 0x10a4c2750>

    def do_rollback(self, dbapi_connection):
        if self.skip_autocommit_rollback and self.detect_autocommit_setting(
            dbapi_connection
        ):
            return
>       dbapi_connection.rollback()
E       sqlalchemy.exc.ProgrammingError: (sqlite3.ProgrammingError) SQLite objects created in a thread can only be used in that same thread. The object was created in thread id 6161870848 and this is thread id 8490446976.
E       (Background on this error at: https://sqlalche.me/e/20/f405)

.venv/lib/python3.13/site-packages/sqlalchemy/engine/default.py:712: ProgrammingError
---------------------------- Captured stdout setup -----------------------------
[03/05/26 08:38:19] INFO     Adding job tentatively -- it will be properly      
                             scheduled when the scheduler starts                
                    INFO     Adding job tentatively -- it will be properly      
                             scheduled when the scheduler starts                
                    INFO     Adding job tentatively -- it will be properly      
                             scheduled when the scheduler starts                
                    INFO     Added job "check_and_scrape" to job store "default"
                    INFO     Added job "analyze_ads" to job store "default"     
                    INFO     Added job "check_and_scrape" to job store "default"
                    INFO     Scheduler started                                  
                    INFO     Scheduler started: scraping every minute, AI       
                             analysis every 2 minutes                           
                    INFO     Running job "check_and_scrape (trigger:            
                             date[2026-03-05 08:38:19 CET], next run at:        
                             2026-03-05 08:38:19 CET)" (scheduled at 2026-03-05 
                             08:38:19.281799+01:00)                             
----------------------------- Captured stdout call -----------------------------
                    INFO     Removed job initial_scrape                         
                    INFO     Found 1 active AdSearches                          
                    INFO     Checking 'PodMic Frankfurt':                       
                             last_scraped=2026-03-05 07:32:03.395187,           
                             interval=30min, due=False                          
                    INFO     Job "check_and_scrape (trigger: date[2026-03-05    
                             08:38:19 CET], next run at: 2026-03-05 08:38:19    
                             CET)" executed successfully                        
------------------------------ Captured log call -------------------------------
INFO     apscheduler.scheduler:base.py:728 Removed job initial_scrape
INFO     app.core.scheduler:scheduler.py:24 Found 1 active AdSearches
INFO     app.core.scheduler:scheduler.py:30 Checking 'PodMic Frankfurt': last_scraped=2026-03-05 07:32:03.395187, interval=30min, due=False
INFO     apscheduler.executors.default:base.py:156 Job "check_and_scrape (trigger: date[2026-03-05 08:38:19 CET], next run at: 2026-03-05 08:38:19 CET)" executed successfully
--------------------------- Captured stdout teardown ---------------------------
                    INFO     Scheduler has been shut down                       
                    INFO     Scheduler stopped                                  
---------------------------- Captured log teardown -----------------------------
INFO     apscheduler.scheduler:base.py:245 Scheduler has been shut down
INFO     app.core.scheduler:scheduler.py:100 Scheduler stopped
_______________ ERROR at teardown of test_get_adsearch_not_found _______________

self = <sqlalchemy.engine.base.Connection object at 0x10b6b9250>

    def _rollback_impl(self) -> None:
        if self._has_events or self.engine._has_events:
            self.dispatch.rollback(self)
    
        if self._still_open_and_dbapi_connection_is_valid:
            if self._echo:
                if self._is_autocommit_isolation():
                    if self.dialect.skip_autocommit_rollback:
                        self._log_info(
                            "ROLLBACK will be skipped by "
                            "skip_autocommit_rollback"
                        )
                    else:
                        self._log_info(
                            "ROLLBACK using DBAPI connection.rollback(); "
                            "set skip_autocommit_rollback to prevent fully"
                        )
                else:
                    self._log_info("ROLLBACK")
            try:
>               self.engine.dialect.do_rollback(self.connection)

.venv/lib/python3.13/site-packages/sqlalchemy/engine/base.py:1128: 
_ _ _ _ _ _ _ _ _ _ _ _ _ _ _ _ _ _ _ _ _ _ _ _ _ _ _ _ _ _ _ _ _ _ _ _ _ _ _ _ 

self = <sqlalchemy.dialects.sqlite.pysqlite.SQLiteDialect_pysqlite object at 0x10b027b10>
dbapi_connection = <sqlalchemy.pool.base._ConnectionFairy object at 0x10b6ebad0>

    def do_rollback(self, dbapi_connection):
        if self.skip_autocommit_rollback and self.detect_autocommit_setting(
            dbapi_connection
        ):
            return
>       dbapi_connection.rollback()
E       sqlite3.ProgrammingError: SQLite objects created in a thread can only be used in that same thread. The object was created in thread id 6178697216 and this is thread id 8490446976.

.venv/lib/python3.13/site-packages/sqlalchemy/engine/default.py:712: ProgrammingError

The above exception was the direct cause of the following exception:

engine = Engine(sqlite:///:memory:)

    @pytest.fixture
    def session(engine):
        """Create a database session for testing."""
>       with Session(engine) as session:
             ^^^^^^^^^^^^^^^

tests/conftest.py:23: 
_ _ _ _ _ _ _ _ _ _ _ _ _ _ _ _ _ _ _ _ _ _ _ _ _ _ _ _ _ _ _ _ _ _ _ _ _ _ _ _ 
.venv/lib/python3.13/site-packages/sqlalchemy/orm/session.py:1809: in __exit__
    self.close()
.venv/lib/python3.13/site-packages/sqlalchemy/orm/session.py:2507: in close
    self._close_impl(invalidate=False)
.venv/lib/python3.13/site-packages/sqlalchemy/orm/session.py:2576: in _close_impl
    transaction.close(invalidate)
.venv/lib/python3.13/site-packages/sqlalchemy/orm/state_changes.py:137: in _go
    ret_value = fn(self, *arg, **kw)
                ^^^^^^^^^^^^^^^^^^^^
.venv/lib/python3.13/site-packages/sqlalchemy/orm/session.py:1417: in close
    transaction.close()
.venv/lib/python3.13/site-packages/sqlalchemy/engine/base.py:2597: in close
    self._do_close()
.venv/lib/python3.13/site-packages/sqlalchemy/engine/base.py:2735: in _do_close
    self._close_impl()
.venv/lib/python3.13/site-packages/sqlalchemy/engine/base.py:2721: in _close_impl
    self._connection_rollback_impl()
.venv/lib/python3.13/site-packages/sqlalchemy/engine/base.py:2713: in _connection_rollback_impl
    self.connection._rollback_impl()
.venv/lib/python3.13/site-packages/sqlalchemy/engine/base.py:1130: in _rollback_impl
    self._handle_dbapi_exception(e, None, None, None, None)
.venv/lib/python3.13/site-packages/sqlalchemy/engine/base.py:2363: in _handle_dbapi_exception
    raise sqlalchemy_exception.with_traceback(exc_info[2]) from e
.venv/lib/python3.13/site-packages/sqlalchemy/engine/base.py:1128: in _rollback_impl
    self.engine.dialect.do_rollback(self.connection)
_ _ _ _ _ _ _ _ _ _ _ _ _ _ _ _ _ _ _ _ _ _ _ _ _ _ _ _ _ _ _ _ _ _ _ _ _ _ _ _ 

self = <sqlalchemy.dialects.sqlite.pysqlite.SQLiteDialect_pysqlite object at 0x10b027b10>
dbapi_connection = <sqlalchemy.pool.base._ConnectionFairy object at 0x10b6ebad0>

    def do_rollback(self, dbapi_connection):
        if self.skip_autocommit_rollback and self.detect_autocommit_setting(
            dbapi_connection
        ):
            return
>       dbapi_connection.rollback()
E       sqlalchemy.exc.ProgrammingError: (sqlite3.ProgrammingError) SQLite objects created in a thread can only be used in that same thread. The object was created in thread id 6178697216 and this is thread id 8490446976.
E       (Background on this error at: https://sqlalche.me/e/20/f405)

.venv/lib/python3.13/site-packages/sqlalchemy/engine/default.py:712: ProgrammingError
---------------------------- Captured stdout setup -----------------------------
[03/05/26 08:38:19] INFO     Adding job tentatively -- it will be properly      
                             scheduled when the scheduler starts                
                    INFO     Adding job tentatively -- it will be properly      
                             scheduled when the scheduler starts                
                    INFO     Adding job tentatively -- it will be properly      
                             scheduled when the scheduler starts                
                    INFO     Added job "check_and_scrape" to job store "default"
                    INFO     Added job "analyze_ads" to job store "default"     
                    INFO     Added job "check_and_scrape" to job store "default"
                    INFO     Scheduler started                                  
                    ERROR    Error submitting job "check_and_scrape (trigger:   
                             date[2026-03-05 08:38:19 CET], next run at:        
                             2026-03-05 08:38:19 CET)" to executor "default"    
                             Traceback (most recent call last):                 
                               File                                             
                             "/Users/henrik/Dev/schnappster/backend/.venv/lib/py
                             thon3.13/site-packages/apscheduler/schedulers/base.
                             py", line 1195, in _process_jobs                   
                                 executor.submit_job(job, run_times)            
                                 ~~~~~~~~~~~~~~~~~~~^^^^^^^^^^^^^^^^            
                               File                                             
                             "/Users/henrik/Dev/schnappster/backend/.venv/lib/py
                             thon3.13/site-packages/apscheduler/executors/base.p
                             y", line 74, in submit_job                         
                                 self._do_submit_job(job, run_times)            
                                 ~~~~~~~~~~~~~~~~~~~^^^^^^^^^^^^^^^^            
                               File                                             
                             "/Users/henrik/Dev/schnappster/backend/.venv/lib/py
                             thon3.13/site-packages/apscheduler/executors/pool.p
                             y", line 27, in _do_submit_job                     
                                 f = self._pool.submit(                         
                                     run_job, job, job._jobstore_alias,         
                             run_times, self._logger.name                       
                                 )                                              
                               File                                             
                             "/opt/miniconda3/lib/python3.13/concurrent/futures/
                             thread.py", line 171, in submit                    
                                 raise RuntimeError('cannot schedule new futures
                             after shutdown')                                   
                             RuntimeError: cannot schedule new futures after    
                             shutdown                                           
                    INFO     Scheduler started: scraping every minute, AI       
                             analysis every 2 minutes                           
                    INFO     Removed job initial_scrape                         
--------------------------- Captured stdout teardown ---------------------------
[03/05/26 08:38:20] INFO     Scheduler has been shut down                       
                    INFO     Scheduler stopped                                  
---------------------------- Captured log teardown -----------------------------
INFO     apscheduler.scheduler:base.py:245 Scheduler has been shut down
INFO     app.core.scheduler:scheduler.py:100 Scheduler stopped
___________________ ERROR at teardown of test_list_ads_empty ___________________

self = <sqlalchemy.engine.base.Connection object at 0x10aece810>

    def _rollback_impl(self) -> None:
        if self._has_events or self.engine._has_events:
            self.dispatch.rollback(self)
    
        if self._still_open_and_dbapi_connection_is_valid:
            if self._echo:
                if self._is_autocommit_isolation():
                    if self.dialect.skip_autocommit_rollback:
                        self._log_info(
                            "ROLLBACK will be skipped by "
                            "skip_autocommit_rollback"
                        )
                    else:
                        self._log_info(
                            "ROLLBACK using DBAPI connection.rollback(); "
                            "set skip_autocommit_rollback to prevent fully"
                        )
                else:
                    self._log_info("ROLLBACK")
            try:
>               self.engine.dialect.do_rollback(self.connection)

.venv/lib/python3.13/site-packages/sqlalchemy/engine/base.py:1128: 
_ _ _ _ _ _ _ _ _ _ _ _ _ _ _ _ _ _ _ _ _ _ _ _ _ _ _ _ _ _ _ _ _ _ _ _ _ _ _ _ 

self = <sqlalchemy.dialects.sqlite.pysqlite.SQLiteDialect_pysqlite object at 0x10b027c50>
dbapi_connection = <sqlalchemy.pool.base._ConnectionFairy object at 0x10b46ac30>

    def do_rollback(self, dbapi_connection):
        if self.skip_autocommit_rollback and self.detect_autocommit_setting(
            dbapi_connection
        ):
            return
>       dbapi_connection.rollback()
E       sqlite3.ProgrammingError: SQLite objects created in a thread can only be used in that same thread. The object was created in thread id 6229176320 and this is thread id 8490446976.

.venv/lib/python3.13/site-packages/sqlalchemy/engine/default.py:712: ProgrammingError

The above exception was the direct cause of the following exception:

engine = Engine(sqlite:///:memory:)

    @pytest.fixture
    def session(engine):
        """Create a database session for testing."""
>       with Session(engine) as session:
             ^^^^^^^^^^^^^^^

tests/conftest.py:23: 
_ _ _ _ _ _ _ _ _ _ _ _ _ _ _ _ _ _ _ _ _ _ _ _ _ _ _ _ _ _ _ _ _ _ _ _ _ _ _ _ 
.venv/lib/python3.13/site-packages/sqlalchemy/orm/session.py:1809: in __exit__
    self.close()
.venv/lib/python3.13/site-packages/sqlalchemy/orm/session.py:2507: in close
    self._close_impl(invalidate=False)
.venv/lib/python3.13/site-packages/sqlalchemy/orm/session.py:2576: in _close_impl
    transaction.close(invalidate)
.venv/lib/python3.13/site-packages/sqlalchemy/orm/state_changes.py:137: in _go
    ret_value = fn(self, *arg, **kw)
                ^^^^^^^^^^^^^^^^^^^^
.venv/lib/python3.13/site-packages/sqlalchemy/orm/session.py:1417: in close
    transaction.close()
.venv/lib/python3.13/site-packages/sqlalchemy/engine/base.py:2597: in close
    self._do_close()
.venv/lib/python3.13/site-packages/sqlalchemy/engine/base.py:2735: in _do_close
    self._close_impl()
.venv/lib/python3.13/site-packages/sqlalchemy/engine/base.py:2721: in _close_impl
    self._connection_rollback_impl()
.venv/lib/python3.13/site-packages/sqlalchemy/engine/base.py:2713: in _connection_rollback_impl
    self.connection._rollback_impl()
.venv/lib/python3.13/site-packages/sqlalchemy/engine/base.py:1130: in _rollback_impl
    self._handle_dbapi_exception(e, None, None, None, None)
.venv/lib/python3.13/site-packages/sqlalchemy/engine/base.py:2363: in _handle_dbapi_exception
    raise sqlalchemy_exception.with_traceback(exc_info[2]) from e
.venv/lib/python3.13/site-packages/sqlalchemy/engine/base.py:1128: in _rollback_impl
    self.engine.dialect.do_rollback(self.connection)
_ _ _ _ _ _ _ _ _ _ _ _ _ _ _ _ _ _ _ _ _ _ _ _ _ _ _ _ _ _ _ _ _ _ _ _ _ _ _ _ 

self = <sqlalchemy.dialects.sqlite.pysqlite.SQLiteDialect_pysqlite object at 0x10b027c50>
dbapi_connection = <sqlalchemy.pool.base._ConnectionFairy object at 0x10b46ac30>

    def do_rollback(self, dbapi_connection):
        if self.skip_autocommit_rollback and self.detect_autocommit_setting(
            dbapi_connection
        ):
            return
>       dbapi_connection.rollback()
E       sqlalchemy.exc.ProgrammingError: (sqlite3.ProgrammingError) SQLite objects created in a thread can only be used in that same thread. The object was created in thread id 6229176320 and this is thread id 8490446976.
E       (Background on this error at: https://sqlalche.me/e/20/f405)

.venv/lib/python3.13/site-packages/sqlalchemy/engine/default.py:712: ProgrammingError
---------------------------- Captured stdout setup -----------------------------
[03/05/26 08:38:20] INFO     Adding job tentatively -- it will be properly      
                             scheduled when the scheduler starts                
                    INFO     Adding job tentatively -- it will be properly      
                             scheduled when the scheduler starts                
                    INFO     Adding job tentatively -- it will be properly      
                             scheduled when the scheduler starts                
                    INFO     Added job "check_and_scrape" to job store "default"
                    INFO     Added job "analyze_ads" to job store "default"     
                    INFO     Added job "check_and_scrape" to job store "default"
                    INFO     Scheduler started                                  
                    ERROR    Error submitting job "check_and_scrape (trigger:   
                             date[2026-03-05 08:38:20 CET], next run at:        
                             2026-03-05 08:38:20 CET)" to executor "default"    
                             Traceback (most recent call last):                 
                               File                                             
                             "/Users/henrik/Dev/schnappster/backend/.venv/lib/py
                             thon3.13/site-packages/apscheduler/schedulers/base.
                             py", line 1195, in _process_jobs                   
                                 executor.submit_job(job, run_times)            
                                 ~~~~~~~~~~~~~~~~~~~^^^^^^^^^^^^^^^^            
                               File                                             
                             "/Users/henrik/Dev/schnappster/backend/.venv/lib/py
                             thon3.13/site-packages/apscheduler/executors/base.p
                             y", line 74, in submit_job                         
                                 self._do_submit_job(job, run_times)            
                                 ~~~~~~~~~~~~~~~~~~~^^^^^^^^^^^^^^^^            
                               File                                             
                             "/Users/henrik/Dev/schnappster/backend/.venv/lib/py
                             thon3.13/site-packages/apscheduler/executors/pool.p
                             y", line 27, in _do_submit_job                     
                                 f = self._pool.submit(                         
                                     run_job, job, job._jobstore_alias,         
                             run_times, self._logger.name                       
                                 )                                              
                               File                                             
                             "/opt/miniconda3/lib/python3.13/concurrent/futures/
                             thread.py", line 171, in submit                    
                                 raise RuntimeError('cannot schedule new futures
                             after shutdown')                                   
                             RuntimeError: cannot schedule new futures after    
                             shutdown                                           
                    INFO     Scheduler started: scraping every minute, AI       
                             analysis every 2 minutes                           
                    INFO     Removed job initial_scrape                         
--------------------------- Captured stdout teardown ---------------------------
[03/05/26 08:38:21] INFO     Scheduler has been shut down                       
                    INFO     Scheduler stopped                                  
---------------------------- Captured log teardown -----------------------------
INFO     apscheduler.scheduler:base.py:245 Scheduler has been shut down
INFO     app.core.scheduler:scheduler.py:100 Scheduler stopped
__________________ ERROR at teardown of test_get_ad_not_found __________________

self = <sqlalchemy.engine.base.Connection object at 0x10ad25490>

    def _rollback_impl(self) -> None:
        if self._has_events or self.engine._has_events:
            self.dispatch.rollback(self)
    
        if self._still_open_and_dbapi_connection_is_valid:
            if self._echo:
                if self._is_autocommit_isolation():
                    if self.dialect.skip_autocommit_rollback:
                        self._log_info(
                            "ROLLBACK will be skipped by "
                            "skip_autocommit_rollback"
                        )
                    else:
                        self._log_info(
                            "ROLLBACK using DBAPI connection.rollback(); "
                            "set skip_autocommit_rollback to prevent fully"
                        )
                else:
                    self._log_info("ROLLBACK")
            try:
>               self.engine.dialect.do_rollback(self.connection)

.venv/lib/python3.13/site-packages/sqlalchemy/engine/base.py:1128: 
_ _ _ _ _ _ _ _ _ _ _ _ _ _ _ _ _ _ _ _ _ _ _ _ _ _ _ _ _ _ _ _ _ _ _ _ _ _ _ _ 

self = <sqlalchemy.dialects.sqlite.pysqlite.SQLiteDialect_pysqlite object at 0x10b024050>
dbapi_connection = <sqlalchemy.pool.base._ConnectionFairy object at 0x10ad2fd70>

    def do_rollback(self, dbapi_connection):
        if self.skip_autocommit_rollback and self.detect_autocommit_setting(
            dbapi_connection
        ):
            return
>       dbapi_connection.rollback()
E       sqlite3.ProgrammingError: SQLite objects created in a thread can only be used in that same thread. The object was created in thread id 6161870848 and this is thread id 8490446976.

.venv/lib/python3.13/site-packages/sqlalchemy/engine/default.py:712: ProgrammingError

The above exception was the direct cause of the following exception:

engine = Engine(sqlite:///:memory:)

    @pytest.fixture
    def session(engine):
        """Create a database session for testing."""
>       with Session(engine) as session:
             ^^^^^^^^^^^^^^^

tests/conftest.py:23: 
_ _ _ _ _ _ _ _ _ _ _ _ _ _ _ _ _ _ _ _ _ _ _ _ _ _ _ _ _ _ _ _ _ _ _ _ _ _ _ _ 
.venv/lib/python3.13/site-packages/sqlalchemy/orm/session.py:1809: in __exit__
    self.close()
.venv/lib/python3.13/site-packages/sqlalchemy/orm/session.py:2507: in close
    self._close_impl(invalidate=False)
.venv/lib/python3.13/site-packages/sqlalchemy/orm/session.py:2576: in _close_impl
    transaction.close(invalidate)
.venv/lib/python3.13/site-packages/sqlalchemy/orm/state_changes.py:137: in _go
    ret_value = fn(self, *arg, **kw)
                ^^^^^^^^^^^^^^^^^^^^
.venv/lib/python3.13/site-packages/sqlalchemy/orm/session.py:1417: in close
    transaction.close()
.venv/lib/python3.13/site-packages/sqlalchemy/engine/base.py:2597: in close
    self._do_close()
.venv/lib/python3.13/site-packages/sqlalchemy/engine/base.py:2735: in _do_close
    self._close_impl()
.venv/lib/python3.13/site-packages/sqlalchemy/engine/base.py:2721: in _close_impl
    self._connection_rollback_impl()
.venv/lib/python3.13/site-packages/sqlalchemy/engine/base.py:2713: in _connection_rollback_impl
    self.connection._rollback_impl()
.venv/lib/python3.13/site-packages/sqlalchemy/engine/base.py:1130: in _rollback_impl
    self._handle_dbapi_exception(e, None, None, None, None)
.venv/lib/python3.13/site-packages/sqlalchemy/engine/base.py:2363: in _handle_dbapi_exception
    raise sqlalchemy_exception.with_traceback(exc_info[2]) from e
.venv/lib/python3.13/site-packages/sqlalchemy/engine/base.py:1128: in _rollback_impl
    self.engine.dialect.do_rollback(self.connection)
_ _ _ _ _ _ _ _ _ _ _ _ _ _ _ _ _ _ _ _ _ _ _ _ _ _ _ _ _ _ _ _ _ _ _ _ _ _ _ _ 

self = <sqlalchemy.dialects.sqlite.pysqlite.SQLiteDialect_pysqlite object at 0x10b024050>
dbapi_connection = <sqlalchemy.pool.base._ConnectionFairy object at 0x10ad2fd70>

    def do_rollback(self, dbapi_connection):
        if self.skip_autocommit_rollback and self.detect_autocommit_setting(
            dbapi_connection
        ):
            return
>       dbapi_connection.rollback()
E       sqlalchemy.exc.ProgrammingError: (sqlite3.ProgrammingError) SQLite objects created in a thread can only be used in that same thread. The object was created in thread id 6161870848 and this is thread id 8490446976.
E       (Background on this error at: https://sqlalche.me/e/20/f405)

.venv/lib/python3.13/site-packages/sqlalchemy/engine/default.py:712: ProgrammingError
---------------------------- Captured stdout setup -----------------------------
[03/05/26 08:38:21] INFO     Adding job tentatively -- it will be properly      
                             scheduled when the scheduler starts                
                    INFO     Adding job tentatively -- it will be properly      
                             scheduled when the scheduler starts                
                    INFO     Adding job tentatively -- it will be properly      
                             scheduled when the scheduler starts                
                    INFO     Added job "check_and_scrape" to job store "default"
                    INFO     Added job "analyze_ads" to job store "default"     
                    INFO     Added job "check_and_scrape" to job store "default"
                    INFO     Scheduler started                                  
                    ERROR    Error submitting job "check_and_scrape (trigger:   
                             date[2026-03-05 08:38:21 CET], next run at:        
                             2026-03-05 08:38:21 CET)" to executor "default"    
                             Traceback (most recent call last):                 
                               File                                             
                             "/Users/henrik/Dev/schnappster/backend/.venv/lib/py
                             thon3.13/site-packages/apscheduler/schedulers/base.
                             py", line 1195, in _process_jobs                   
                                 executor.submit_job(job, run_times)            
                                 ~~~~~~~~~~~~~~~~~~~^^^^^^^^^^^^^^^^            
                               File                                             
                             "/Users/henrik/Dev/schnappster/backend/.venv/lib/py
                             thon3.13/site-packages/apscheduler/executors/base.p
                             y", line 74, in submit_job                         
                                 self._do_submit_job(job, run_times)            
                                 ~~~~~~~~~~~~~~~~~~~^^^^^^^^^^^^^^^^            
                               File                                             
                             "/Users/henrik/Dev/schnappster/backend/.venv/lib/py
                             thon3.13/site-packages/apscheduler/executors/pool.p
                             y", line 27, in _do_submit_job                     
                                 f = self._pool.submit(                         
                                     run_job, job, job._jobstore_alias,         
                             run_times, self._logger.name                       
                                 )                                              
                               File                                             
                             "/opt/miniconda3/lib/python3.13/concurrent/futures/
                             thread.py", line 171, in submit                    
                                 raise RuntimeError('cannot schedule new futures
                             after shutdown')                                   
                             RuntimeError: cannot schedule new futures after    
                             shutdown                                           
                    INFO     Scheduler started: scraping every minute, AI       
                             analysis every 2 minutes                           
                    INFO     Removed job initial_scrape                         
--------------------------- Captured stdout teardown ---------------------------
[03/05/26 08:38:22] INFO     Scheduler has been shut down                       
                    INFO     Scheduler stopped                                  
---------------------------- Captured log teardown -----------------------------
INFO     apscheduler.scheduler:base.py:245 Scheduler has been shut down
INFO     app.core.scheduler:scheduler.py:100 Scheduler stopped
___________________ ERROR at teardown of test_list_settings ____________________

self = <sqlalchemy.engine.base.Connection object at 0x10acf8590>

    def _rollback_impl(self) -> None:
        if self._has_events or self.engine._has_events:
            self.dispatch.rollback(self)
    
        if self._still_open_and_dbapi_connection_is_valid:
            if self._echo:
                if self._is_autocommit_isolation():
                    if self.dialect.skip_autocommit_rollback:
                        self._log_info(
                            "ROLLBACK will be skipped by "
                            "skip_autocommit_rollback"
                        )
                    else:
                        self._log_info(
                            "ROLLBACK using DBAPI connection.rollback(); "
                            "set skip_autocommit_rollback to prevent fully"
                        )
                else:
                    self._log_info("ROLLBACK")
            try:
>               self.engine.dialect.do_rollback(self.connection)

.venv/lib/python3.13/site-packages/sqlalchemy/engine/base.py:1128: 
_ _ _ _ _ _ _ _ _ _ _ _ _ _ _ _ _ _ _ _ _ _ _ _ _ _ _ _ _ _ _ _ _ _ _ _ _ _ _ _ 

self = <sqlalchemy.dialects.sqlite.pysqlite.SQLiteDialect_pysqlite object at 0x109d03ed0>
dbapi_connection = <sqlalchemy.pool.base._ConnectionFairy object at 0x10acb64b0>

    def do_rollback(self, dbapi_connection):
        if self.skip_autocommit_rollback and self.detect_autocommit_setting(
            dbapi_connection
        ):
            return
>       dbapi_connection.rollback()
E       sqlite3.ProgrammingError: SQLite objects created in a thread can only be used in that same thread. The object was created in thread id 6178697216 and this is thread id 8490446976.

.venv/lib/python3.13/site-packages/sqlalchemy/engine/default.py:712: ProgrammingError

The above exception was the direct cause of the following exception:

engine = Engine(sqlite:///:memory:)

    @pytest.fixture
    def session(engine):
        """Create a database session for testing."""
>       with Session(engine) as session:
             ^^^^^^^^^^^^^^^

tests/conftest.py:23: 
_ _ _ _ _ _ _ _ _ _ _ _ _ _ _ _ _ _ _ _ _ _ _ _ _ _ _ _ _ _ _ _ _ _ _ _ _ _ _ _ 
.venv/lib/python3.13/site-packages/sqlalchemy/orm/session.py:1809: in __exit__
    self.close()
.venv/lib/python3.13/site-packages/sqlalchemy/orm/session.py:2507: in close
    self._close_impl(invalidate=False)
.venv/lib/python3.13/site-packages/sqlalchemy/orm/session.py:2576: in _close_impl
    transaction.close(invalidate)
.venv/lib/python3.13/site-packages/sqlalchemy/orm/state_changes.py:137: in _go
    ret_value = fn(self, *arg, **kw)
                ^^^^^^^^^^^^^^^^^^^^
.venv/lib/python3.13/site-packages/sqlalchemy/orm/session.py:1417: in close
    transaction.close()
.venv/lib/python3.13/site-packages/sqlalchemy/engine/base.py:2597: in close
    self._do_close()
.venv/lib/python3.13/site-packages/sqlalchemy/engine/base.py:2735: in _do_close
    self._close_impl()
.venv/lib/python3.13/site-packages/sqlalchemy/engine/base.py:2721: in _close_impl
    self._connection_rollback_impl()
.venv/lib/python3.13/site-packages/sqlalchemy/engine/base.py:2713: in _connection_rollback_impl
    self.connection._rollback_impl()
.venv/lib/python3.13/site-packages/sqlalchemy/engine/base.py:1130: in _rollback_impl
    self._handle_dbapi_exception(e, None, None, None, None)
.venv/lib/python3.13/site-packages/sqlalchemy/engine/base.py:2363: in _handle_dbapi_exception
    raise sqlalchemy_exception.with_traceback(exc_info[2]) from e
.venv/lib/python3.13/site-packages/sqlalchemy/engine/base.py:1128: in _rollback_impl
    self.engine.dialect.do_rollback(self.connection)
_ _ _ _ _ _ _ _ _ _ _ _ _ _ _ _ _ _ _ _ _ _ _ _ _ _ _ _ _ _ _ _ _ _ _ _ _ _ _ _ 

self = <sqlalchemy.dialects.sqlite.pysqlite.SQLiteDialect_pysqlite object at 0x109d03ed0>
dbapi_connection = <sqlalchemy.pool.base._ConnectionFairy object at 0x10acb64b0>

    def do_rollback(self, dbapi_connection):
        if self.skip_autocommit_rollback and self.detect_autocommit_setting(
            dbapi_connection
        ):
            return
>       dbapi_connection.rollback()
E       sqlalchemy.exc.ProgrammingError: (sqlite3.ProgrammingError) SQLite objects created in a thread can only be used in that same thread. The object was created in thread id 6178697216 and this is thread id 8490446976.
E       (Background on this error at: https://sqlalche.me/e/20/f405)

.venv/lib/python3.13/site-packages/sqlalchemy/engine/default.py:712: ProgrammingError
---------------------------- Captured stdout setup -----------------------------
[03/05/26 08:38:22] INFO     Adding job tentatively -- it will be properly      
                             scheduled when the scheduler starts                
                    INFO     Adding job tentatively -- it will be properly      
                             scheduled when the scheduler starts                
                    INFO     Adding job tentatively -- it will be properly      
                             scheduled when the scheduler starts                
                    INFO     Added job "check_and_scrape" to job store "default"
                    INFO     Added job "analyze_ads" to job store "default"     
                    INFO     Added job "check_and_scrape" to job store "default"
                    INFO     Scheduler started                                  
                    ERROR    Error submitting job "check_and_scrape (trigger:   
                             date[2026-03-05 08:38:22 CET], next run at:        
                             2026-03-05 08:38:22 CET)" to executor "default"    
                             Traceback (most recent call last):                 
                               File                                             
                             "/Users/henrik/Dev/schnappster/backend/.venv/lib/py
                             thon3.13/site-packages/apscheduler/schedulers/base.
                             py", line 1195, in _process_jobs                   
                                 executor.submit_job(job, run_times)            
                                 ~~~~~~~~~~~~~~~~~~~^^^^^^^^^^^^^^^^            
                               File                                             
                             "/Users/henrik/Dev/schnappster/backend/.venv/lib/py
                             thon3.13/site-packages/apscheduler/executors/base.p
                             y", line 74, in submit_job                         
                                 self._do_submit_job(job, run_times)            
                                 ~~~~~~~~~~~~~~~~~~~^^^^^^^^^^^^^^^^            
                               File                                             
                             "/Users/henrik/Dev/schnappster/backend/.venv/lib/py
                             thon3.13/site-packages/apscheduler/executors/pool.p
                             y", line 27, in _do_submit_job                     
                                 f = self._pool.submit(                         
                                     run_job, job, job._jobstore_alias,         
                             run_times, self._logger.name                       
                                 )                                              
                               File                                             
                             "/opt/miniconda3/lib/python3.13/concurrent/futures/
                             thread.py", line 171, in submit                    
                                 raise RuntimeError('cannot schedule new futures
                             after shutdown')                                   
                             RuntimeError: cannot schedule new futures after    
                             shutdown                                           
                    INFO     Scheduler started: scraping every minute, AI       
                             analysis every 2 minutes                           
                    INFO     Removed job initial_scrape                         
--------------------------- Captured stdout teardown ---------------------------
                    INFO     Scheduler has been shut down                       
                    INFO     Scheduler stopped                                  
---------------------------- Captured log teardown -----------------------------
INFO     apscheduler.scheduler:base.py:245 Scheduler has been shut down
INFO     app.core.scheduler:scheduler.py:100 Scheduler stopped
____________________ ERROR at teardown of test_get_setting _____________________

self = <sqlalchemy.engine.base.Connection object at 0x10ad247d0>

    def _rollback_impl(self) -> None:
        if self._has_events or self.engine._has_events:
            self.dispatch.rollback(self)
    
        if self._still_open_and_dbapi_connection_is_valid:
            if self._echo:
                if self._is_autocommit_isolation():
                    if self.dialect.skip_autocommit_rollback:
                        self._log_info(
                            "ROLLBACK will be skipped by "
                            "skip_autocommit_rollback"
                        )
                    else:
                        self._log_info(
                            "ROLLBACK using DBAPI connection.rollback(); "
                            "set skip_autocommit_rollback to prevent fully"
                        )
                else:
                    self._log_info("ROLLBACK")
            try:
>               self.engine.dialect.do_rollback(self.connection)

.venv/lib/python3.13/site-packages/sqlalchemy/engine/base.py:1128: 
_ _ _ _ _ _ _ _ _ _ _ _ _ _ _ _ _ _ _ _ _ _ _ _ _ _ _ _ _ _ _ _ _ _ _ _ _ _ _ _ 

self = <sqlalchemy.dialects.sqlite.pysqlite.SQLiteDialect_pysqlite object at 0x10b024910>
dbapi_connection = <sqlalchemy.pool.base._ConnectionFairy object at 0x10acfcad0>

    def do_rollback(self, dbapi_connection):
        if self.skip_autocommit_rollback and self.detect_autocommit_setting(
            dbapi_connection
        ):
            return
>       dbapi_connection.rollback()
E       sqlite3.ProgrammingError: SQLite objects created in a thread can only be used in that same thread. The object was created in thread id 6195523584 and this is thread id 8490446976.

.venv/lib/python3.13/site-packages/sqlalchemy/engine/default.py:712: ProgrammingError

The above exception was the direct cause of the following exception:

engine = Engine(sqlite:///:memory:)

    @pytest.fixture
    def session(engine):
        """Create a database session for testing."""
>       with Session(engine) as session:
             ^^^^^^^^^^^^^^^

tests/conftest.py:23: 
_ _ _ _ _ _ _ _ _ _ _ _ _ _ _ _ _ _ _ _ _ _ _ _ _ _ _ _ _ _ _ _ _ _ _ _ _ _ _ _ 
.venv/lib/python3.13/site-packages/sqlalchemy/orm/session.py:1809: in __exit__
    self.close()
.venv/lib/python3.13/site-packages/sqlalchemy/orm/session.py:2507: in close
    self._close_impl(invalidate=False)
.venv/lib/python3.13/site-packages/sqlalchemy/orm/session.py:2576: in _close_impl
    transaction.close(invalidate)
.venv/lib/python3.13/site-packages/sqlalchemy/orm/state_changes.py:137: in _go
    ret_value = fn(self, *arg, **kw)
                ^^^^^^^^^^^^^^^^^^^^
.venv/lib/python3.13/site-packages/sqlalchemy/orm/session.py:1417: in close
    transaction.close()
.venv/lib/python3.13/site-packages/sqlalchemy/engine/base.py:2597: in close
    self._do_close()
.venv/lib/python3.13/site-packages/sqlalchemy/engine/base.py:2735: in _do_close
    self._close_impl()
.venv/lib/python3.13/site-packages/sqlalchemy/engine/base.py:2721: in _close_impl
    self._connection_rollback_impl()
.venv/lib/python3.13/site-packages/sqlalchemy/engine/base.py:2713: in _connection_rollback_impl
    self.connection._rollback_impl()
.venv/lib/python3.13/site-packages/sqlalchemy/engine/base.py:1130: in _rollback_impl
    self._handle_dbapi_exception(e, None, None, None, None)
.venv/lib/python3.13/site-packages/sqlalchemy/engine/base.py:2363: in _handle_dbapi_exception
    raise sqlalchemy_exception.with_traceback(exc_info[2]) from e
.venv/lib/python3.13/site-packages/sqlalchemy/engine/base.py:1128: in _rollback_impl
    self.engine.dialect.do_rollback(self.connection)
_ _ _ _ _ _ _ _ _ _ _ _ _ _ _ _ _ _ _ _ _ _ _ _ _ _ _ _ _ _ _ _ _ _ _ _ _ _ _ _ 

self = <sqlalchemy.dialects.sqlite.pysqlite.SQLiteDialect_pysqlite object at 0x10b024910>
dbapi_connection = <sqlalchemy.pool.base._ConnectionFairy object at 0x10acfcad0>

    def do_rollback(self, dbapi_connection):
        if self.skip_autocommit_rollback and self.detect_autocommit_setting(
            dbapi_connection
        ):
            return
>       dbapi_connection.rollback()
E       sqlalchemy.exc.ProgrammingError: (sqlite3.ProgrammingError) SQLite objects created in a thread can only be used in that same thread. The object was created in thread id 6195523584 and this is thread id 8490446976.
E       (Background on this error at: https://sqlalche.me/e/20/f405)

.venv/lib/python3.13/site-packages/sqlalchemy/engine/default.py:712: ProgrammingError
---------------------------- Captured stdout setup -----------------------------
[03/05/26 08:38:22] INFO     Adding job tentatively -- it will be properly      
                             scheduled when the scheduler starts                
                    INFO     Adding job tentatively -- it will be properly      
                             scheduled when the scheduler starts                
                    INFO     Adding job tentatively -- it will be properly      
                             scheduled when the scheduler starts                
                    INFO     Added job "check_and_scrape" to job store "default"
                    INFO     Added job "analyze_ads" to job store "default"     
                    INFO     Added job "check_and_scrape" to job store "default"
                    INFO     Scheduler started                                  
                    ERROR    Error submitting job "check_and_scrape (trigger:   
                             date[2026-03-05 08:38:22 CET], next run at:        
                             2026-03-05 08:38:22 CET)" to executor "default"    
                             Traceback (most recent call last):                 
                               File                                             
                             "/Users/henrik/Dev/schnappster/backend/.venv/lib/py
                             thon3.13/site-packages/apscheduler/schedulers/base.
                             py", line 1195, in _process_jobs                   
                                 executor.submit_job(job, run_times)            
                                 ~~~~~~~~~~~~~~~~~~~^^^^^^^^^^^^^^^^            
                               File                                             
                             "/Users/henrik/Dev/schnappster/backend/.venv/lib/py
                             thon3.13/site-packages/apscheduler/executors/base.p
                             y", line 74, in submit_job                         
                                 self._do_submit_job(job, run_times)            
                                 ~~~~~~~~~~~~~~~~~~~^^^^^^^^^^^^^^^^            
                               File                                             
                             "/Users/henrik/Dev/schnappster/backend/.venv/lib/py
                             thon3.13/site-packages/apscheduler/executors/pool.p
                             y", line 27, in _do_submit_job                     
                                 f = self._pool.submit(                         
                                     run_job, job, job._jobstore_alias,         
                             run_times, self._logger.name                       
                                 )                                              
                               File                                             
                             "/opt/miniconda3/lib/python3.13/concurrent/futures/
                             thread.py", line 171, in submit                    
                                 raise RuntimeError('cannot schedule new futures
                             after shutdown')                                   
                             RuntimeError: cannot schedule new futures after    
                             shutdown                                           
                    INFO     Scheduler started: scraping every minute, AI       
                             analysis every 2 minutes                           
                    INFO     Removed job initial_scrape                         
--------------------------- Captured stdout teardown ---------------------------
                    INFO     Scheduler has been shut down                       
                    INFO     Scheduler stopped                                  
[...]
                             is thread id 8490446976.                             
                    ERROR    Exception terminating connection <sqlite3.Connection 
                             object at 0x10af717b0>                               
                             Traceback (most recent call last):                   
                               File                                               
                             "/Users/henrik/Dev/schnappster/backend/.venv/lib/pyth
                             on3.13/site-packages/sqlalchemy/pool/base.py", line  
                             986, in _finalize_fairy                              
                                 fairy._reset(                                    
                                 ~~~~~~~~~~~~^                                    
                                     pool,                                        
                                     ^^^^^                                        
                                 ...<2 lines>...                                  
                                     asyncio_safe=can_manipulate_connection,      
                                     ^^^^^^^^^^^^^^^^^^^^^^^^^^^^^^^^^^^^^^^      
                                 )                                                
                                 ^                                                
                               File                                               
                             "/Users/henrik/Dev/schnappster/backend/.venv/lib/pyth
                             on3.13/site-packages/sqlalchemy/pool/base.py", line  
                             1441, in _reset                                      
                                 pool._dialect.do_rollback(self)                  
                                 ~~~~~~~~~~~~~~~~~~~~~~~~~^^^^^^                  
                               File                                               
                             "/Users/henrik/Dev/schnappster/backend/.venv/lib/pyth
                             on3.13/site-packages/sqlalchemy/engine/default.py",  
                             line 712, in do_rollback                             
                                 dbapi_connection.rollback()                      
                                 ~~~~~~~~~~~~~~~~~~~~~~~~~^^                      
                             sqlite3.ProgrammingError: SQLite objects created in a
                             thread can only be used in that same thread. The     
                             object was created in thread id 6178697216 and this  
                             is thread id 8490446976.                             
                                                                                  
                             During handling of the above exception, another      
                             exception occurred:                                  
                                                                                  
                             Traceback (most recent call last):                   
                               File                                               
                             "/Users/henrik/Dev/schnappster/backend/.venv/lib/pyth
                             on3.13/site-packages/sqlalchemy/pool/base.py", line  
                             373, in _close_connection                            
                                 self._dialect.do_terminate(connection)           
                                 ~~~~~~~~~~~~~~~~~~~~~~~~~~^^^^^^^^^^^^           
                               File                                               
                             "/Users/henrik/Dev/schnappster/backend/.venv/lib/pyth
                             on3.13/site-packages/sqlalchemy/engine/default.py",  
                             line 718, in do_terminate                            
                                 self.do_close(dbapi_connection)                  
                                 ~~~~~~~~~~~~~^^^^^^^^^^^^^^^^^^                  
                               File                                               
                             "/Users/henrik/Dev/schnappster/backend/.venv/lib/pyth
                             on3.13/site-packages/sqlalchemy/engine/default.py",  
                             line 721, in do_close                                
                                 dbapi_connection.close()                         
                                 ~~~~~~~~~~~~~~~~~~~~~~^^                         
                             sqlite3.ProgrammingError: SQLite objects created in a
                             thread can only be used in that same thread. The     
                             object was created in thread id 6178697216 and this  
                             is thread id 8490446976.                             
                    ERROR    Exception during reset or similar                    
                             Traceback (most recent call last):                   
                               File                                               
                             "/Users/henrik/Dev/schnappster/backend/.venv/lib/pyth
                             on3.13/site-packages/sqlalchemy/pool/base.py", line  
                             986, in _finalize_fairy                              
                                 fairy._reset(                                    
                                 ~~~~~~~~~~~~^                                    
                                     pool,                                        
                                     ^^^^^                                        
                                 ...<2 lines>...                                  
                                     asyncio_safe=can_manipulate_connection,      
                                     ^^^^^^^^^^^^^^^^^^^^^^^^^^^^^^^^^^^^^^^      
                                 )                                                
                                 ^                                                
                               File                                               
                             "/Users/henrik/Dev/schnappster/backend/.venv/lib/pyth
                             on3.13/site-packages/sqlalchemy/pool/base.py", line  
                             1441, in _reset                                      
                                 pool._dialect.do_rollback(self)                  
                                 ~~~~~~~~~~~~~~~~~~~~~~~~~^^^^^^                  
                               File                                               
                             "/Users/henrik/Dev/schnappster/backend/.venv/lib/pyth
                             on3.13/site-packages/sqlalchemy/engine/default.py",  
                             line 712, in do_rollback                             
                                 dbapi_connection.rollback()                      
                                 ~~~~~~~~~~~~~~~~~~~~~~~~~^^                      
                             sqlite3.ProgrammingError: SQLite objects created in a
                             thread can only be used in that same thread. The     
                             object was created in thread id 6195523584 and this  
                             is thread id 8490446976.                             
                    ERROR    Exception terminating connection <sqlite3.Connection 
                             object at 0x10aa95120>                               
                             Traceback (most recent call last):                   
                               File                                               
                             "/Users/henrik/Dev/schnappster/backend/.venv/lib/pyth
                             on3.13/site-packages/sqlalchemy/pool/base.py", line  
                             986, in _finalize_fairy                              
                                 fairy._reset(                                    
                                 ~~~~~~~~~~~~^                                    
                                     pool,                                        
                                     ^^^^^                                        
                                 ...<2 lines>...                                  
                                     asyncio_safe=can_manipulate_connection,      
                                     ^^^^^^^^^^^^^^^^^^^^^^^^^^^^^^^^^^^^^^^      
                                 )                                                
                                 ^                                                
                               File                                               
                             "/Users/henrik/Dev/schnappster/backend/.venv/lib/pyth
                             on3.13/site-packages/sqlalchemy/pool/base.py", line  
                             1441, in _reset                                      
                                 pool._dialect.do_rollback(self)                  
                                 ~~~~~~~~~~~~~~~~~~~~~~~~~^^^^^^                  
                               File                                               
                             "/Users/henrik/Dev/schnappster/backend/.venv/lib/pyth
                             on3.13/site-packages/sqlalchemy/engine/default.py",  
                             line 712, in do_rollback                             
                                 dbapi_connection.rollback()                      
                                 ~~~~~~~~~~~~~~~~~~~~~~~~~^^                      
                             sqlite3.ProgrammingError: SQLite objects created in a
                             thread can only be used in that same thread. The     
                             object was created in thread id 6195523584 and this  
                             is thread id 8490446976.                             
                                                                                  
                             During handling of the above exception, another      
                             exception occurred:                                  
                                                                                  
                             Traceback (most recent call last):                   
                               File                                               
                             "/Users/henrik/Dev/schnappster/backend/.venv/lib/pyth
                             on3.13/site-packages/sqlalchemy/pool/base.py", line  
                             373, in _close_connection                            
                                 self._dialect.do_terminate(connection)           
                                 ~~~~~~~~~~~~~~~~~~~~~~~~~~^^^^^^^^^^^^           
                               File                                               
                             "/Users/henrik/Dev/schnappster/backend/.venv/lib/pyth
                             on3.13/site-packages/sqlalchemy/engine/default.py",  
                             line 718, in do_terminate                            
                                 self.do_close(dbapi_connection)                  
                                 ~~~~~~~~~~~~~^^^^^^^^^^^^^^^^^^                  
                               File                                               
                             "/Users/henrik/Dev/schnappster/backend/.venv/lib/pyth
                             on3.13/site-packages/sqlalchemy/engine/default.py",  
                             line 721, in do_close                                
                                 dbapi_connection.close()                         
                                 ~~~~~~~~~~~~~~~~~~~~~~^^                         
                             sqlite3.ProgrammingError: SQLite objects created in a
                             thread can only be used in that same thread. The     
                             object was created in thread id 6195523584 and this  
                             is thread id 8490446976.                             
                    ERROR    Exception during reset or similar                    
                             Traceback (most recent call last):                   
                               File                                               
                             "/Users/henrik/Dev/schnappster/backend/.venv/lib/pyth
                             on3.13/site-packages/sqlalchemy/pool/base.py", line  
                             986, in _finalize_fairy                              
                                 fairy._reset(                                    
                                 ~~~~~~~~~~~~^                                    
                                     pool,                                        
                                     ^^^^^                                        
                                 ...<2 lines>...                                  
                                     asyncio_safe=can_manipulate_connection,      
                                     ^^^^^^^^^^^^^^^^^^^^^^^^^^^^^^^^^^^^^^^      
                                 )                                                
                                 ^                                                
                               File                                               
                             "/Users/henrik/Dev/schnappster/backend/.venv/lib/pyth
                             on3.13/site-packages/sqlalchemy/pool/base.py", line  
                             1441, in _reset                                      
                                 pool._dialect.do_rollback(self)                  
                                 ~~~~~~~~~~~~~~~~~~~~~~~~~^^^^^^                  
                               File                                               
                             "/Users/henrik/Dev/schnappster/backend/.venv/lib/pyth
                             on3.13/site-packages/sqlalchemy/engine/default.py",  
                             line 712, in do_rollback                             
                                 dbapi_connection.rollback()                      
                                 ~~~~~~~~~~~~~~~~~~~~~~~~~^^                      
                             sqlite3.ProgrammingError: SQLite objects created in a
                             thread can only be used in that same thread. The     
                             object was created in thread id 6229176320 and this  
                             is thread id 8490446976.                             
                    ERROR    Exception terminating connection <sqlite3.Connection 
                             object at 0x10a9d09a0>                               
                             Traceback (most recent call last):                   
                               File                                               
                             "/Users/henrik/Dev/schnappster/backend/.venv/lib/pyth
                             on3.13/site-packages/sqlalchemy/pool/base.py", line  
                             986, in _finalize_fairy                              
                                 fairy._reset(                                    
                                 ~~~~~~~~~~~~^                                    
                                     pool,                                        
                                     ^^^^^                                        
                                 ...<2 lines>...                                  
                                     asyncio_safe=can_manipulate_connection,      
                                     ^^^^^^^^^^^^^^^^^^^^^^^^^^^^^^^^^^^^^^^      
                                 )                                                
                                 ^                                                
                               File                                               
                             "/Users/henrik/Dev/schnappster/backend/.venv/lib/pyth
                             on3.13/site-packages/sqlalchemy/pool/base.py", line  
                             1441, in _reset                                      
                                 pool._dialect.do_rollback(self)                  
                                 ~~~~~~~~~~~~~~~~~~~~~~~~~^^^^^^                  
                               File                                               
                             "/Users/henrik/Dev/schnappster/backend/.venv/lib/pyth
                             on3.13/site-packages/sqlalchemy/engine/default.py",  
                             line 712, in do_rollback                             
                                 dbapi_connection.rollback()                      
                                 ~~~~~~~~~~~~~~~~~~~~~~~~~^^                      
                             sqlite3.ProgrammingError: SQLite objects created in a
                             thread can only be used in that same thread. The     
                             object was created in thread id 6229176320 and this  
                             is thread id 8490446976.                             
                                                                                  
                             During handling of the above exception, another      
                             exception occurred:                                  
                                                                                  
                             Traceback (most recent call last):                   
                               File                                               
                             "/Users/henrik/Dev/schnappster/backend/.venv/lib/pyth
                             on3.13/site-packages/sqlalchemy/pool/base.py", line  
                             373, in _close_connection                            
                                 self._dialect.do_terminate(connection)           
                                 ~~~~~~~~~~~~~~~~~~~~~~~~~~^^^^^^^^^^^^           
                               File                                               
                             "/Users/henrik/Dev/schnappster/backend/.venv/lib/pyth
                             on3.13/site-packages/sqlalchemy/engine/default.py",  
                             line 718, in do_terminate                            
                                 self.do_close(dbapi_connection)                  
                                 ~~~~~~~~~~~~~^^^^^^^^^^^^^^^^^^                  
                               File                                               
                             "/Users/henrik/Dev/schnappster/backend/.venv/lib/pyth
                             on3.13/site-packages/sqlalchemy/engine/default.py",  
                             line 721, in do_close                                
                                 dbapi_connection.close()                         
                                 ~~~~~~~~~~~~~~~~~~~~~~^^                         
                             sqlite3.ProgrammingError: SQLite objects created in a
                             thread can only be used in that same thread. The     
                             object was created in thread id 6229176320 and this  
                             is thread id 8490446976.                             
